<?xml version="1.0" encoding="utf-8"?><testsuites name="pytest tests"><testsuite name="pytest" errors="0" failures="0" skipped="0" tests="5" time="2.962" timestamp="2026-04-20T17:54:29.222154+00:00" hostname="agent-env-46c39c9e-8c0e-410f-a35b-9ef0be04379d"><testcase classname="tests.test_payment_flow.TestPaymentFlowCashPayment" name="test_complete_flow_cash_payment" time="0.741" /><testcase classname="tests.test_payment_flow.TestPaymentFlowOnlinePayment" name="test_complete_flow_online_payment" time="1.085" /><testcase classname="tests.test_payment_flow.TestPaymentFlowEdgeCases" name="test_complete_without_start" time="0.463" /><testcase classname="tests.test_payment_flow.TestPaymentFlowEdgeCases" name="test_verify_otp_wrong_status" time="0.289" /><testcase classname="tests.test_payment_flow.TestPaymentFlowEdgeCases" name="test_pay_cash_wrong_status" time="0.318" /></testsuite></testsuites>