<?xml version="1.0" encoding="utf-8"?><testsuites name="pytest tests"><testsuite name="pytest" errors="0" failures="0" skipped="0" tests="3" time="0.387" timestamp="2026-04-25T10:15:23.797014+00:00" hostname="agent-env-46c39c9e-8c0e-410f-a35b-9ef0be04379d"><testcase classname="tests.test_prod_simple" name="test_services_correct_prices" time="0.211" /><testcase classname="tests.test_prod_simple" name="test_commission_15_percent" time="0.111" /><testcase classname="tests.test_prod_simple" name="test_config_files_exist" time="0.000" /></testsuite></testsuites>