<?xml version="1.0" encoding="utf-8"?><testsuites name="pytest tests"><testsuite name="pytest" errors="0" failures="2" skipped="0" tests="7" time="3.896" timestamp="2026-04-25T10:13:59.987306+00:00" hostname="agent-env-46c39c9e-8c0e-410f-a35b-9ef0be04379d"><testcase classname="tests.test_production_fixes.TestServicePrices" name="test_get_services_returns_4_services" time="0.226" /><testcase classname="tests.test_production_fixes.TestServicePrices" name="test_service_prices_correct" time="0.149" /><testcase classname="tests.test_production_fixes.TestServicePrices" name="test_service_names_correct" time="0.134" /><testcase classname="tests.test_production_fixes.TestCommissionCalculation" name="test_commission_15_percent_on_booking" time="0.583" /><testcase classname="tests.test_production_fixes.TestPaymentFlow" name="test_full_payment_flow_cash" time="0.880"><failure message="assert 422 == 200&#10; +  where 422 = &lt;Response [422]&gt;.status_code">tests/test_production_fixes.py:210: in test_full_payment_flow_cash
    assert verify_response.status_code == 200
E   assert 422 == 200
E    +  where 422 = &lt;Response [422]&gt;.status_code</failure></testcase><testcase classname="tests.test_production_fixes.TestRatingRestrictions" name="test_rating_blocked_before_payment" time="0.757" /><testcase classname="tests.test_production_fixes.TestRatingRestrictions" name="test_rating_allowed_after_payment" time="1.059"><failure message="assert 400 == 200&#10; +  where 400 = &lt;Response [400]&gt;.status_code">tests/test_production_fixes.py:351: in test_rating_allowed_after_payment
    assert rating_response.status_code == 200
E   assert 400 == 200
E    +  where 400 = &lt;Response [400]&gt;.status_code</failure></testcase></testsuite></testsuites>