<?xml version="1.0" encoding="utf-8"?><testsuites name="pytest tests"><testsuite name="pytest" errors="0" failures="0" skipped="0" tests="12" time="4.446" timestamp="2026-04-19T18:23:18.674526+00:00" hostname="agent-env-46c39c9e-8c0e-410f-a35b-9ef0be04379d"><testcase classname="tests.test_washingo_apis.TestHealthAndServices" name="test_health_check" time="0.453" /><testcase classname="tests.test_washingo_apis.TestHealthAndServices" name="test_get_services" time="0.212" /><testcase classname="tests.test_washingo_apis.TestAuthAPIs" name="test_user_registration" time="0.297" /><testcase classname="tests.test_washingo_apis.TestAuthAPIs" name="test_login_or_register_new_user" time="0.205" /><testcase classname="tests.test_washingo_apis.TestAuthAPIs" name="test_login_or_register_existing_user" time="0.294" /><testcase classname="tests.test_washingo_apis.TestBookingAndCommission" name="test_booking_creation_with_commission" time="0.382" /><testcase classname="tests.test_washingo_apis.TestRazorpayPayment" name="test_razorpay_order_creation" time="1.348" /><testcase classname="tests.test_washingo_apis.TestAdminAPIs" name="test_admin_login_success" time="0.173" /><testcase classname="tests.test_washingo_apis.TestAdminAPIs" name="test_admin_login_failure" time="0.176" /><testcase classname="tests.test_washingo_apis.TestAdminAPIs" name="test_admin_dashboard" time="0.225" /><testcase classname="tests.test_washingo_apis.TestWashingCentreAPIs" name="test_create_washing_centre" time="0.344" /><testcase classname="tests.test_washingo_apis.TestWashingCentreAPIs" name="test_get_nearby_centres" time="0.153" /></testsuite></testsuites>